<?xml version="1.0" encoding="UTF-8"?>
<testng-results ignored="0" total="2" passed="2" failed="0" skipped="0">
  <reporter-output>
  </reporter-output>
  <suite started-at="2023-03-08T08:25:20 CET" name="Default suite" finished-at="2023-03-08T08:25:23 CET" duration-ms="3155">
    <groups>
    </groups>
    <test started-at="2023-03-08T08:25:20 CET" name="Default test" finished-at="2023-03-08T08:25:23 CET" duration-ms="3155">
      <class name="com.APIAutomation.APITest">
        <test-method signature="testAddUserAPI()[pri:0, instance:com.APIAutomation.APITest@4e904fd5]" started-at="2023-03-08T08:25:20 CET" name="testAddUserAPI" finished-at="2023-03-08T08:25:23 CET" duration-ms="2715" status="PASS">
          <reporter-output>
          </reporter-output>
        </test-method> <!-- testAddUserAPI -->
        <test-method signature="testUserListAPI()[pri:0, instance:com.APIAutomation.APITest@4e904fd5]" started-at="2023-03-08T08:25:23 CET" name="testUserListAPI" finished-at="2023-03-08T08:25:23 CET" duration-ms="339" status="PASS">
          <reporter-output>
          </reporter-output>
        </test-method> <!-- testUserListAPI -->
      </class> <!-- com.APIAutomation.APITest -->
    </test> <!-- Default test -->
  </suite> <!-- Default suite -->
</testng-results>
